2026-02-19 21:16:09,461 - INFO - --- Iniciando Sistema Multi-Source CLUB 10M ---
2026-02-19 21:16:09,461 - INFO - Configuraciones Cargadas: 3
2026-02-19 21:16:09,461 - INFO -  - Origen: GTS VIP (-1002148227049) -> Destino: -1003797962974 (Topic: 2)
2026-02-19 21:16:09,461 - INFO -  - Origen: 44's Clup (-1002310215234) -> Destino: -1003797962974 (Topic: 3)
2026-02-19 21:16:09,462 - INFO -  - Origen: Gold Trader Sunny (-1002108856565) -> Destino: -1003797962974 (Topic: 4)
2026-02-19 21:16:09,462 - INFO - Conectando con Telegram...
2026-02-19 21:16:09,494 - INFO - Connecting to 149.154.175.52:443/TcpFull...
2026-02-19 21:16:09,557 - INFO - Connection to 149.154.175.52:443/TcpFull complete!
2026-02-19 21:16:10,068 - INFO - Sesión iniciada con éxito.
2026-02-19 21:16:10,069 - INFO - Replicador inicializado. Escuchando nuevos mensajes...
2026-02-19 21:16:10,069 - INFO - Listening on sources: [-1002148227049, -1002310215234, -1002108856565]
2026-02-19 21:16:10,069 - INFO - CLUB 10M Multi-Source Replicator Running...
2026-02-19 21:40:08,002 - INFO - Pipeline: Procesando mensaje de 44's Clup (-1002310215234). Msg ID: 10037
2026-02-19 21:40:09,801 - INFO - Pipeline: Traducción aplicada.
2026-02-19 21:40:09,977 - INFO - Pipeline: SUCCESS - Msg 10037 enviado.
2026-02-19 23:36:38,377 - INFO - --- Iniciando Sistema Multi-Source CLUB 10M ---
2026-02-19 23:36:38,378 - INFO - Configuraciones Cargadas: 3
2026-02-19 23:36:38,378 - INFO -  - Origen: GTS VIP (-1002148227049) -> Destino: -1003797962974 (Topic: 2)
2026-02-19 23:36:38,378 - INFO -  - Origen: 44's Clup (-1002310215234) -> Destino: -1003797962974 (Topic: 3)
2026-02-19 23:36:38,378 - INFO -  - Origen: Gold Trader Sunny (-1002108856565) -> Destino: -1003797962974 (Topic: 4)
2026-02-19 23:36:38,378 - INFO - Conectando con Telegram...
2026-02-19 23:36:38,411 - INFO - Connecting to 149.154.175.52:443/TcpFull...
2026-02-19 23:36:38,473 - INFO - Connection to 149.154.175.52:443/TcpFull complete!
2026-02-19 23:36:38,892 - INFO - Sesión iniciada con éxito.
2026-02-19 23:36:38,920 - INFO - Replicador inicializado. Escuchando nuevos mensajes...
2026-02-19 23:36:38,920 - INFO - Listening on sources: [-1002148227049, -1002310215234, -1002108856565]
2026-02-19 23:36:38,920 - INFO - CLUB 10M Multi-Source Replicator Running...
2026-02-20 06:33:04,488 - INFO - --- Iniciando Sistema Multi-Source CLUB 10M ---
2026-02-20 06:33:04,489 - INFO - Configuraciones Cargadas: 3
2026-02-20 06:33:04,489 - INFO -  - Origen: GTS VIP (-1002148227049) -> Destino: -1003797962974 (Topic: 2)
2026-02-20 06:33:04,489 - INFO -  - Origen: 44's Clup (-1002310215234) -> Destino: -1003797962974 (Topic: 3)
2026-02-20 06:33:04,489 - INFO -  - Origen: Gold Trader Sunny (-1002108856565) -> Destino: -1003797962974 (Topic: 4)
2026-02-20 06:33:04,490 - INFO - Conectando con Telegram...
2026-02-20 06:33:04,490 - INFO - Connecting to 149.154.175.52:443/TcpFull...
2026-02-20 06:33:04,554 - INFO - Connection to 149.154.175.52:443/TcpFull complete!
2026-02-20 06:33:04,976 - INFO - SesiĂłn iniciada con Ă©xito.
2026-02-20 06:33:04,983 - INFO - Replicador inicializado. Escuchando nuevos mensajes...
2026-02-20 06:33:04,984 - INFO - Listening on sources: [-1002148227049, -1002310215234, -1002108856565]
2026-02-20 06:33:04,984 - INFO - CLUB 10M Multi-Source Replicator Running...
2026-02-20 19:11:44,961 - INFO - --- Iniciando Sistema Multi-Source CLUB 10M ---
2026-02-20 19:11:44,962 - INFO - Configuraciones Cargadas: 3
2026-02-20 19:11:44,963 - INFO -  - Origen: GTS VIP (-1002148227049) -> Destino: -1003797962974 (Topic: 2)
2026-02-20 19:11:44,963 - INFO -  - Origen: 44's Clup (-1002310215234) -> Destino: -1003797962974 (Topic: 3)
2026-02-20 19:11:44,963 - INFO -  - Origen: Gold Trader Sunny (-1002108856565) -> Destino: -1003797962974 (Topic: 4)
2026-02-20 19:11:44,964 - INFO - Conectando con Telegram...
2026-02-20 19:11:44,964 - INFO - Connecting to 149.154.175.52:443/TcpFull...
2026-02-20 19:11:45,042 - INFO - Connection to 149.154.175.52:443/TcpFull complete!
2026-02-20 19:11:45,542 - INFO - SesiĂłn iniciada con Ă©xito.
2026-02-20 19:11:45,550 - INFO - Replicador inicializado. Escuchando nuevos mensajes...
2026-02-20 19:11:45,550 - INFO - Listening on sources: [-1002148227049, -1002310215234, -1002108856565]
2026-02-20 19:11:45,550 - INFO - CLUB 10M Multi-Source Replicator Running...
2026-02-20 19:14:56,659 - INFO - --- Iniciando Sistema Multi-Source CLUB 10M ---
2026-02-20 19:14:56,659 - INFO - Configuraciones Cargadas: 3
2026-02-20 19:14:56,660 - INFO -  - Origen: GTS VIP (-1002148227049) -> Destino: -1003797962974 (Topic: 2)
2026-02-20 19:14:56,660 - INFO -  - Origen: 44's Clup (-1002310215234) -> Destino: -1003797962974 (Topic: 3)
2026-02-20 19:14:56,660 - INFO -  - Origen: Gold Trader Sunny (-1002108856565) -> Destino: -1003797962974 (Topic: 4)
2026-02-20 19:14:56,660 - INFO - Conectando con Telegram...
2026-02-20 19:14:56,661 - INFO - Connecting to 149.154.175.52:443/TcpFull...
2026-02-20 19:14:56,737 - INFO - Connection to 149.154.175.52:443/TcpFull complete!
2026-02-20 19:14:57,256 - INFO - SesiĂłn iniciada con Ă©xito.
2026-02-20 19:14:57,261 - INFO - Replicador inicializado. Escuchando nuevos mensajes...
2026-02-20 19:14:57,261 - INFO - Listening on sources: [-1002148227049, -1002310215234, -1002108856565]
2026-02-20 19:14:57,261 - INFO - CLUB 10M Multi-Source Replicator Running...
2026-02-20 19:29:57,380 - INFO - Got difference for account updates
2026-02-20 19:44:57,509 - INFO - Got difference for account updates
2026-02-20 19:56:46,312 - INFO - --- Iniciando Sistema Multi-Source CLUB 10M ---
2026-02-20 19:56:46,312 - INFO - Configuraciones Cargadas: 3
2026-02-20 19:56:46,312 - INFO -  - Origen: GTS VIP (-1002148227049) -> Destino: -1003797962974 (Topic: 2)
2026-02-20 19:56:46,313 - INFO -  - Origen: 44's Clup (-1002310215234) -> Destino: -1003797962974 (Topic: 3)
2026-02-20 19:56:46,313 - INFO -  - Origen: Gold Trader Sunny (-1002108856565) -> Destino: -1003797962974 (Topic: 4)
2026-02-20 19:56:46,313 - INFO - Conectando con Telegram...
2026-02-20 19:56:46,314 - INFO - Connecting to 149.154.175.52:443/TcpFull...
2026-02-20 19:56:46,390 - INFO - Connection to 149.154.175.52:443/TcpFull complete!
2026-02-20 19:56:46,895 - INFO - SesiĂłn iniciada con Ă©xito.
2026-02-20 19:56:46,903 - INFO - Replicador inicializado. Escuchando nuevos mensajes...
2026-02-20 19:56:46,903 - INFO - Listening on sources: [-1002148227049, -1002310215234, -1002108856565]
2026-02-20 19:56:46,904 - INFO - CLUB 10M Multi-Source Replicator Running...
2026-02-20 20:26:47,038 - INFO - Got difference for account updates
2026-02-20 20:26:47,423 - INFO - Got difference for channel 2495224665 updates
2026-02-20 20:56:47,270 - INFO - Got difference for account updates
2026-02-20 20:56:47,358 - INFO - Got difference for channel 3020297428 updates
2026-02-20 21:11:47,342 - INFO - Got difference for account updates
2026-02-20 21:11:47,433 - INFO - Got difference for channel 2470327932 updates
2026-02-20 21:26:47,566 - INFO - Got difference for channel 3020297428 updates
2026-02-20 21:41:47,587 - INFO - Got difference for account updates
2026-02-20 21:41:47,735 - INFO - Got difference for channel 2470327932 updates
2026-02-20 22:11:47,827 - INFO - Got difference for account updates
2026-02-20 22:26:47,944 - INFO - Got difference for account updates
2026-02-20 22:28:40,285 - INFO - --- Iniciando Sistema Multi-Source CLUB 10M ---
2026-02-20 22:28:40,285 - INFO - Configuraciones Cargadas: 3
2026-02-20 22:28:40,285 - INFO -  - Origen: GTS VIP (-1002148227049) -> Destino: -1003797962974 (Topic: 2)
2026-02-20 22:28:40,286 - INFO -  - Origen: 44's Clup (-1002310215234) -> Destino: -1003797962974 (Topic: 3)
2026-02-20 22:28:40,286 - INFO -  - Origen: 44's Clup (Horario) (-1002310215234) -> Destino: -1002490959467 (Topic: N/A)
2026-02-20 22:28:40,286 - INFO -  - Origen: 44's Clup (Espejo) (-1002310215234) -> Destino: -1003744952102 (Topic: N/A)
2026-02-20 22:28:40,287 - INFO -  - Origen: Gold Trader Sunny (-1002108856565) -> Destino: -1003797962974 (Topic: 4)
2026-02-20 22:28:40,287 - INFO - Conectando con Telegram...
2026-02-20 22:28:40,287 - INFO - Connecting to 149.154.175.52:443/TcpFull...
2026-02-20 22:28:40,353 - INFO - Connection to 149.154.175.52:443/TcpFull complete!
2026-02-20 22:28:40,780 - INFO - SesiĂłn iniciada con Ă©xito.
2026-02-20 22:28:40,787 - INFO - Replicador inicializado. Escuchando nuevos mensajes...
2026-02-20 22:28:40,788 - INFO - Listening on sources: [-1002148227049, -1002310215234, -1002108856565]
2026-02-20 22:28:40,788 - INFO - CLUB 10M Multi-Source Replicator Running...
2026-02-20 22:31:59,903 - INFO - --- Iniciando Sistema Multi-Source CLUB 10M ---
2026-02-20 22:31:59,904 - INFO - Configuraciones Cargadas: 3
2026-02-20 22:31:59,904 - INFO -  - Origen: GTS VIP (-1002148227049) -> Destino: -1003797962974 (Topic: 2)
2026-02-20 22:31:59,904 - INFO -  - Origen: 44's Clup (-1002310215234) -> Destino: -1003797962974 (Topic: 3)
2026-02-20 22:31:59,904 - INFO -  - Origen: 44's Clup (Horario) (-1002310215234) -> Destino: -1002490959467 (Topic: N/A)
2026-02-20 22:31:59,905 - INFO -  - Origen: 44's Clup (Espejo) (-1002310215234) -> Destino: -1003744952102 (Topic: N/A)
2026-02-20 22:31:59,905 - INFO -  - Origen: Gold Trader Sunny (-1002108856565) -> Destino: -1003797962974 (Topic: 4)
2026-02-20 22:31:59,905 - INFO - Conectando con Telegram...
2026-02-20 22:31:59,906 - INFO - Connecting to 149.154.175.52:443/TcpFull...
2026-02-20 22:31:59,983 - INFO - Connection to 149.154.175.52:443/TcpFull complete!
2026-02-20 22:32:00,507 - INFO - SesiĂłn iniciada con Ă©xito.
2026-02-20 22:32:00,512 - INFO - Replicador inicializado. Escuchando nuevos mensajes...
2026-02-20 22:32:00,512 - INFO - Listening on sources: [-1002148227049, -1002310215234, -1002108856565]
2026-02-20 22:32:00,512 - INFO - CLUB 10M Multi-Source Replicator Running...
2026-02-20 22:47:00,540 - INFO - Got difference for account updates
2026-02-20 23:47:01,037 - INFO - Got difference for account updates
2026-02-21 00:02:01,102 - INFO - Got difference for account updates
2026-02-21 00:17:01,190 - INFO - Got difference for account updates
2026-02-21 00:32:01,324 - INFO - Got difference for account updates
2026-02-21 00:47:01,494 - INFO - Got difference for account updates
2026-02-21 01:02:01,621 - INFO - Got difference for account updates
2026-02-21 01:17:01,800 - INFO - Got difference for account updates
2026-02-21 02:02:02,076 - INFO - Got difference for account updates
2026-02-21 02:17:02,270 - INFO - Got difference for account updates
2026-02-21 02:32:02,372 - INFO - Got difference for account updates
2026-02-21 03:02:02,589 - INFO - Got difference for account updates
2026-02-21 03:17:02,658 - INFO - Got difference for account updates
2026-02-21 03:32:02,867 - INFO - Got difference for account updates
2026-02-21 03:47:03,017 - INFO - Got difference for account updates
2026-02-21 04:02:03,125 - INFO - Got difference for account updates
